============================= test session starts =============================
platform win32 -- Python 3.14.3, pytest-9.0.2, pluggy-1.6.0 -- C:\Users\Armaan\AppData\Local\Programs\Python\Python314\python.exe
cachedir: .pytest_cache
rootdir: C:\Users\Armaan\OneDrive - The Era Corporations\Study\Armaan\AI Class\Data Science Class\35. 11-Apr-2026\Project_AccountingLegalChatbot\backend
configfile: pytest.ini
plugins: anyio-4.12.1, langsmith-0.7.22, asyncio-1.3.0, respx-0.23.1
asyncio: mode=Mode.AUTO, debug=False, asyncio_default_fixture_loop_scope=None, asyncio_default_test_loop_scope=function
collecting ... collected 428 items / 1 deselected / 427 selected

tests/api/test_analyst_prompt.py::test_analyst_prefix_constant_exists PASSED [  0%]
tests/api/test_analyst_prompt.py::test_analyst_prefix_is_prepended_in_domain_prompts PASSED [  0%]
tests/api/test_chat_intent_routing.py::test_intent_directive_is_appended FAILED [  0%]
tests/api/test_chat_web_ingestion.py::test_chat_auto_ingests_web_results PASSED [  0%]
tests/api/test_conversation_mode.py::test_new_conversation_defaults_to_fast_mode PASSED [  1%]
tests/api/test_conversation_mode.py::test_list_includes_mode PASSED      [  1%]
tests/api/test_conversation_mode.py::test_patch_mode_updates_and_persists PASSED [  1%]
tests/api/test_conversation_mode.py::test_patch_mode_rejects_invalid_value PASSED [  1%]
tests/api/test_council_endpoint.py::test_council_endpoint_streams_events PASSED [  2%]
tests/api/test_council_endpoint.py::test_empty_question_returns_422 PASSED [  2%]
tests/api/test_council_endpoint.py::test_invalid_provider_returns_400 PASSED [  2%]
tests/api/test_council_endpoint.py::test_llm_error_emits_error_events PASSED [  2%]
tests/api/test_notebook_sources.py::test_notebook_sources_returns_original_name PASSED [  3%]
tests/api/test_notebook_sources.py::test_notebook_sources_falls_back_to_id_when_doc_missing PASSED [  3%]
tests/api/test_notebook_sources.py::test_notebook_sources_404_for_unknown_conversation PASSED [  3%]
tests/api/test_notebook_sources.py::test_notebook_sources_empty_when_no_sources PASSED [  3%]
tests/api/test_reports_detect.py::test_detect_returns_schema PASSED      [  3%]
tests/api/test_reports_detect.py::test_detect_returns_none_confidence_when_no_docs PASSED [  4%]
tests/api/test_reports_generate_stream.py::test_generate_stream_returns_sse PASSED [  4%]
tests/api/test_reports_stream.py::test_generate_stream_yields_sse_events PASSED [  4%]
tests/api/test_reports_stream.py::test_generate_stream_emits_error_frame_on_llm_failure PASSED [  4%]
tests/api/test_research_sse.py::test_deep_research_streams_sse PASSED    [  5%]
tests/core/chat/test_intent_classifier.py::test_classify_explanation_request PASSED [  5%]
tests/core/chat/test_intent_classifier.py::test_classify_falls_back_to_answer_on_bad_json PASSED [  5%]
tests/core/chat/test_intent_classifier.py::test_classify_falls_back_on_exception PASSED [  5%]
tests/core/chat/test_intent_classifier.py::test_classify_list_type PASSED [  6%]
tests/core/chat/test_intent_classifier.py::test_classify_falls_back_to_answer_on_unknown_output_type PASSED [  6%]
tests/core/council/test_council_service.py::test_council_runs_four_experts_then_synthesis PASSED [  6%]
tests/core/council/test_council_service.py::test_council_emits_done_on_llm_error PASSED [  6%]
tests/core/council/test_council_service.py::test_council_emits_done_when_synthesis_fails PASSED [  7%]
tests/core/council/test_council_service.py::test_done_event_has_error_on_llm_failure PASSED [  7%]
tests/core/council/test_personas.py::test_four_experts_present PASSED    [  7%]
tests/core/council/test_personas.py::test_each_expert_has_persona_prompt PASSED [  7%]
tests/core/council/test_personas.py::test_synthesis_prompt_mentions_reconciliation PASSED [  7%]
tests/core/research/test_brave_search.py::test_brave_search_returns_mapped_results PASSED [  8%]
tests/core/research/test_brave_search.py::test_brave_search_returns_empty_list_on_missing_web PASSED [  8%]
tests/core/research/test_deep_research_finally.py::test_done_event_emitted_even_on_llm_failure PASSED [  8%]
tests/core/research/test_deep_research_service.py::test_run_deep_research_emits_expected_events PASSED [  8%]
tests/core/research/test_query_decomposer.py::test_decompose_query_returns_parsed_list PASSED [  9%]
tests/core/research/test_query_decomposer.py::test_decompose_query_truncates_to_three PASSED [  9%]
tests/core/research/test_query_decomposer.py::test_decompose_query_falls_back_to_original_on_bad_json PASSED [  9%]
tests/core/research/test_query_decomposer.py::test_decompose_query_falls_back_on_non_list_json PASSED [  9%]
tests/core/test_export_sources_links.py::test_pdf_appendix_contains_url PASSED [ 10%]
tests/core/test_export_sources_links.py::test_docx_appendix_contains_url PASSED [ 10%]
tests/core/test_ingest_text.py::test_ingest_text_calls_ingest_chunks PASSED [ 10%]
tests/core/test_ingest_text.py::test_ingest_text_uses_text_hash_when_no_source PASSED [ 10%]
tests/core/test_ingest_text.py::test_ingest_text_truncates_long_text PASSED [ 11%]
tests/core/test_prompt_router.py::test_formatting_reminder_is_exported PASSED [ 11%]
tests/core/test_prompt_router.py::test_analyst_prefix_in_analyst_mode PASSED [ 11%]
tests/core/test_prompt_router.py::test_analyst_prefix_not_in_standard_mode PASSED [ 11%]
tests/db/test_migration_add_mode.py::test_migration_adds_mode_column_and_backfills PASSED [ 11%]
tests/db/test_migration_add_mode.py::test_migration_is_idempotent PASSED [ 12%]
tests/test_account_placement_engine.py::test_template_match PASSED       [ 12%]
tests/test_account_placement_engine.py::test_template_match_normalisation PASSED [ 12%]
tests/test_account_placement_engine.py::test_fuzzy_match PASSED          [ 12%]
tests/test_account_placement_engine.py::test_llm_classification PASSED   [ 13%]
tests/test_account_placement_engine.py::test_unmatched_account_flagged PASSED [ 13%]
tests/test_account_placement_engine.py::test_empty_template PASSED       [ 13%]
tests/test_account_placement_engine.py::test_empty_accounts PASSED       [ 13%]
tests/test_account_placement_engine.py::test_confidence_threshold PASSED [ 14%]
tests/test_account_placement_engine.py::test_missing_account_grouping_key PASSED [ 14%]
tests/test_account_placement_engine.py::test_group_tb_for_ifrs_produces_correct_structure PASSED [ 14%]
tests/test_analyze_precise_columns.py::test_analyze_precise_returns_columns_key PASSED [ 14%]
tests/test_analyze_precise_columns.py::test_columns_has_required_sub_keys PASSED [ 14%]
tests/test_analyze_precise_columns.py::test_columns_are_floats PASSED    [ 15%]
tests/test_analyze_precise_columns.py::test_year1_col_within_tolerance PASSED [ 15%]
tests/test_analyze_precise_columns.py::test_year2_col_within_tolerance PASSED [ 15%]
tests/test_analyze_precise_columns.py::test_columns_fallback_on_sparse_pdf PASSED [ 15%]
tests/test_analyze_precise_columns.py::test_analyze_precise_nonexistent_file PASSED [ 16%]
tests/test_analyze_precise_columns.py::test_analyze_precise_real_pdf_columns PASSED [ 16%]
tests/test_analyze_precise_fonts.py::test_fonts_has_heading_key PASSED   [ 16%]
tests/test_analyze_precise_fonts.py::test_fonts_has_body_key PASSED      [ 16%]
tests/test_analyze_precise_fonts.py::test_fonts_has_footer_key PASSED    [ 17%]
tests/test_analyze_precise_fonts.py::test_fonts_has_number_key PASSED    [ 17%]
tests/test_analyze_precise_fonts.py::test_fonts_has_note_ref_key PASSED  [ 17%]
tests/test_analyze_precise_fonts.py::test_each_font_role_has_size_and_family PASSED [ 17%]
tests/test_analyze_precise_fonts.py::test_heading_size_larger_than_body PASSED [ 18%]
tests/test_analyze_precise_fonts.py::test_fonts_real_pdf PASSED          [ 18%]
tests/test_analyze_precise_spacing.py::test_analyze_precise_returns_spacing_key PASSED [ 18%]
tests/test_analyze_precise_spacing.py::test_spacing_has_required_sub_keys PASSED [ 18%]
tests/test_analyze_precise_spacing.py::test_row_height_is_positive PASSED [ 18%]
tests/test_analyze_precise_spacing.py::test_section_gap_greater_than_row_height PASSED [ 19%]
tests/test_analyze_precise_spacing.py::test_row_height_within_tolerance PASSED [ 19%]
tests/test_analyze_precise_spacing.py::test_indent_levels_positive PASSED [ 19%]
tests/test_analyze_precise_spacing.py::test_spacing_fallback_on_empty_pdf PASSED [ 19%]
tests/test_analyze_precise_spacing.py::test_spacing_real_pdf PASSED      [ 20%]
tests/test_audit_flow.py::test_extract_template_txt PASSED               [ 20%]
tests/test_audit_flow.py::test_extract_template_unsupported_type PASSED  [ 20%]
tests/test_audit_flow.py::test_upload_trial_balance_audit_returns_grouped_rows PASSED [ 20%]
tests/test_audit_flow.py::test_draft_report_returns_markdown PASSED      [ 21%]
tests/test_audit_flow.py::test_format_report_returns_markdown PASSED     [ 21%]
tests/test_audit_formatter.py::test_format_audit_report_returns_bytes PASSED [ 21%]
tests/test_audit_formatter.py::test_cover_page_contains_company_name PASSED [ 21%]
tests/test_audit_formatter.py::test_financial_table_has_correct_columns PASSED [ 22%]
tests/test_audit_profiles.py::test_create_profile PASSED                 [ 22%]
tests/test_audit_profiles.py::test_list_profiles PASSED                  [ 22%]
tests/test_audit_profiles.py::test_get_profile PASSED                    [ 22%]
tests/test_audit_profiles.py::test_get_profile_not_found PASSED          [ 22%]
tests/test_audit_profiles.py::test_delete_profile PASSED                 [ 23%]
tests/test_audit_profiles.py::test_delete_profile_not_found PASSED       [ 23%]
tests/test_audit_profiles.py::test_upload_source_document_excel PASSED   [ 23%]
tests/test_audit_profiles.py::test_upload_source_invalid_type PASSED     [ 23%]
tests/test_audit_profiles.py::test_upload_source_profile_not_found PASSED [ 24%]
tests/test_audit_profiles.py::test_list_source_documents PASSED          [ 24%]
tests/test_audit_profiles.py::test_build_profile PASSED                  [ 24%]
tests/test_audit_profiles.py::test_build_profile_no_docs PASSED          [ 24%]
tests/test_audit_profiles.py::test_get_account_mapping_empty PASSED      [ 25%]
tests/test_audit_profiles.py::test_update_account_mapping PASSED         [ 25%]
tests/test_audit_profiles.py::test_update_account_mapping_not_found PASSED [ 25%]
tests/test_audit_profiles.py::test_get_format_template_empty PASSED      [ 25%]
tests/test_audit_profiles.py::test_update_format_template PASSED         [ 25%]
tests/test_audit_profiles.py::test_update_format_template_not_found PASSED [ 26%]
tests/test_audit_profiles.py::test_generate_report PASSED                [ 26%]
tests/test_audit_profiles.py::test_generate_report_no_profile_data PASSED [ 26%]
tests/test_audit_profiles.py::test_export_report_pdf PASSED              [ 26%]
tests/test_audit_profiles.py::test_export_report_docx PASSED             [ 27%]
tests/test_audit_profiles.py::test_export_report_xlsx PASSED             [ 27%]
tests/test_audit_profiles.py::test_export_report_unsupported_format PASSED [ 27%]
tests/test_audit_profiles.py::TestDocumentAnalyzer::test_analyze_excel PASSED [ 27%]
tests/test_audit_profiles.py::TestDocumentAnalyzer::test_analyze_unsupported_type PASSED [ 28%]
tests/test_audit_profiles.py::TestStructuredReportGenerator::test_generate_basic_report PASSED [ 28%]
tests/test_audit_profiles.py::TestStructuredReportGenerator::test_generate_with_empty_tb PASSED [ 28%]
tests/test_audit_profiles.py::TestStructuredReportGenerator::test_auditor_opinion_types PASSED [ 28%]
tests/test_audit_profiles.py::TestFormatApplier::test_apply_format_pdf PASSED [ 29%]
tests/test_audit_profiles.py::TestFormatApplier::test_apply_format_docx PASSED [ 29%]
tests/test_audit_profiles.py::TestFormatApplier::test_apply_format_xlsx PASSED [ 29%]
tests/test_audit_profiles.py::TestFormatApplier::test_apply_format_unsupported PASSED [ 29%]
tests/test_audit_profiles.py::TestFormatApplier::test_apply_format_with_template PASSED [ 29%]
tests/test_audit_profiles.py::TestAuditProfileBuilder::test_build_profile_from_documents PASSED [ 30%]
tests/test_audit_profiles.py::TestAuditProfileBuilder::test_infer_account_mapping PASSED [ 30%]
tests/test_audit_profiles.py::test_bulk_update_account_mapping PASSED    [ 30%]
tests/test_audit_profiles.py::test_update_profile PASSED                 [ 30%]
tests/test_audit_profiles.py::test_update_profile_not_found PASSED       [ 31%]
tests/test_audit_studio_chat.py::test_audit_chat_message_persists PASSED [ 31%]
tests/test_audit_studio_chat.py::test_chat_send_persists_user_and_assistant PASSED [ 31%]
tests/test_audit_studio_chat.py::test_chat_history_and_clear PASSED      [ 31%]
tests/test_audit_studio_generate.py::test_generated_output_persists PASSED [ 32%]
tests/test_audit_studio_generate.py::test_generate_creates_pending_output_and_returns_job_id PASSED [ 32%]
tests/test_audit_studio_generate.py::test_list_outputs_returns_all_for_profile PASSED [ 32%]
tests/test_audit_studio_generate.py::test_download_returns_file_bytes PASSED [ 32%]
tests/test_audit_studio_generate.py::test_dispatch_routes_each_output_type PASSED [ 33%]
tests/test_audit_studio_integration.py::test_finance_studio_end_to_end PASSED [ 33%]
tests/test_audit_studio_versions.py::test_profile_version_persists PASSED [ 33%]
tests/test_audit_studio_versions.py::test_audit_studio_router_mounted PASSED [ 33%]
tests/test_audit_studio_versions.py::test_list_versions_returns_all_for_profile PASSED [ 33%]
tests/test_audit_studio_versions.py::test_branch_creates_copy_and_returns_new_id PASSED [ 34%]
tests/test_audit_studio_versions.py::test_activate_sets_only_one_current PASSED [ 34%]
tests/test_audit_studio_versions.py::test_compare_returns_json_diff PASSED [ 34%]
tests/test_audit_template_model.py::TestAuditTemplateModel::test_create_with_all_fields PASSED [ 34%]
tests/test_audit_template_model.py::TestAuditTemplateModel::test_json_fields_hold_complex_dicts PASSED [ 35%]
tests/test_audit_template_model.py::TestAuditTemplateModel::test_defaults_at_construction PASSED [ 35%]
tests/test_audit_template_model.py::TestAuditTemplateModel::test_status_values PASSED [ 35%]
tests/test_audit_template_model.py::TestTemplateSectionModel::test_create_section PASSED [ 35%]
tests/test_audit_template_model.py::TestRelationship::test_template_sections_relationship PASSED [ 36%]
tests/test_audit_template_model.py::test_persist_and_query_template PASSED [ 36%]
tests/test_audit_template_model.py::test_persist_template_with_sections PASSED [ 36%]
tests/test_auditor_agent.py::test_audit_returns_expected_shape PASSED    [ 36%]
tests/test_auditor_agent.py::test_audit_empty_docs PASSED                [ 37%]
tests/test_auditor_endpoint.py::test_auditor_endpoint_returns_result PASSED [ 37%]
tests/test_auditor_endpoint.py::test_auditor_endpoint_empty_docs PASSED  [ 37%]
tests/test_auto_summary_hook.py::test_upload_triggers_summary PASSED     [ 37%]
tests/test_autoverifier_adjust.py::test_auto_adjust_triggers_on_mid_score PASSED [ 37%]
tests/test_autoverifier_adjust.py::test_auto_adjust_falls_through_to_hints_if_still_failing PASSED [ 38%]
tests/test_autoverifier_adjust.py::test_auto_adjust_modifies_config_for_worst_band PASSED [ 38%]
tests/test_autoverifier_hints.py::test_hints_returned_when_score_below_85 PASSED [ 38%]
tests/test_autoverifier_hints.py::test_hints_have_required_keys PASSED   [ 38%]
tests/test_autoverifier_hints.py::test_hints_options_are_non_empty_strings PASSED [ 39%]
tests/test_autoverifier_hints.py::test_generate_hints_returns_fallback_when_no_bad_bands PASSED [ 39%]
tests/test_autoverifier_hints.py::test_pdf_open_failure_returns_needs_review PASSED [ 39%]
tests/test_autoverifier_pass.py::test_pixel_similarity_identical_images PASSED [ 39%]
tests/test_autoverifier_pass.py::test_pixel_similarity_opposite_images PASSED [ 40%]
tests/test_autoverifier_pass.py::test_pixel_similarity_half_different PASSED [ 40%]
tests/test_autoverifier_pass.py::test_pixel_similarity_different_sizes PASSED [ 40%]
tests/test_autoverifier_pass.py::test_verify_returns_verified_when_images_identical PASSED [ 40%]
tests/test_autoverifier_pass.py::test_verify_returns_dict_with_required_keys PASSED [ 40%]
tests/test_autoverifier_pass.py::test_verify_render_failure_returns_needs_review PASSED [ 41%]
tests/test_batch_template_learner.py::test_learn_from_single_nonexistent_pdf_raises PASSED [ 41%]
tests/test_batch_template_learner.py::test_learn_from_all_failing_pdfs_raises PASSED [ 41%]
tests/test_batch_template_learner.py::test_learn_from_zero_pdfs_raises PASSED [ 41%]
tests/test_batch_template_learner.py::test_merge_configs_averages_margins PASSED [ 42%]
tests/test_batch_template_learner.py::test_merge_configs_averages_page_dimensions PASSED [ 42%]
tests/test_batch_template_learner.py::test_merge_fonts_majority_vote PASSED [ 42%]
tests/test_batch_template_learner.py::test_merge_fonts_averages_sizes PASSED [ 42%]
tests/test_batch_template_learner.py::test_confidence_boost_with_multiple_pdfs PASSED [ 43%]
tests/test_batch_template_learner.py::test_confidence_capped_at_one PASSED [ 43%]
tests/test_batch_template_learner.py::test_single_config_no_boost PASSED [ 43%]
tests/test_batch_template_learner.py::test_sections_union_deduplication PASSED [ 43%]
tests/test_batch_template_learner.py::test_page_count_is_max PASSED      [ 44%]
tests/test_batch_template_learner.py::test_source_combines_filenames PASSED [ 44%]
tests/test_batch_template_learner.py::test_batch_metadata_included_in_learn_from_multiple PASSED [ 44%]
tests/test_chat_endpoint_domain.py::test_send_uses_classifier PASSED     [ 44%]
tests/test_chat_endpoint_domain.py::test_send_honors_domain_override PASSED [ 44%]
tests/test_chat_endpoint_domain.py::test_send_accepts_mode_field PASSED  [ 45%]
tests/test_chat_endpoint_domain.py::test_send_with_analyst_mode_persists_mode PASSED [ 45%]
tests/test_chat_endpoint_domain.py::test_legacy_domain_field_acts_as_override PASSED [ 45%]
tests/test_chat_memory.py::test_sliding_window_keeps_last_20 PASSED      [ 45%]
tests/test_chat_memory.py::test_sliding_window_trims_long_messages PASSED [ 46%]
tests/test_chat_memory.py::test_sliding_window_keeps_minimum_2 PASSED    [ 46%]
tests/test_chat_memory.py::test_sliding_window_short_history PASSED      [ 46%]
tests/test_chat_sources.py::test_sources_use_original_name_not_uuid PASSED [ 46%]
tests/test_chat_title_generation.py::test_generate_title_updates_conversation PASSED [ 47%]
tests/test_chat_title_generation.py::test_generate_title_is_non_fatal_on_llm_error PASSED [ 47%]
tests/test_chat_title_generation.py::test_title_scheduled_on_new_conversation PASSED [ 47%]
tests/test_chat_title_generation.py::test_title_uses_background_tasks_not_create_task PASSED [ 47%]
tests/test_chat_title_generation.py::test_title_uses_background_tasks_not_create_task_streaming PASSED [ 48%]
tests/test_chat_title_generation.py::test_generate_title_has_defensive_delay PASSED [ 48%]
tests/test_confidence_calibrator.py::TestConfidenceCalibrator::test_no_feedback_returns_original PASSED [ 48%]
tests/test_confidence_calibrator.py::TestConfidenceCalibrator::test_all_accurate_feedback_boosts_confidence PASSED [ 48%]
tests/test_confidence_calibrator.py::TestConfidenceCalibrator::test_all_inaccurate_feedback_reduces_confidence PASSED [ 48%]
tests/test_confidence_calibrator.py::TestConfidenceCalibrator::test_result_clamped_to_unit_interval PASSED [ 49%]
tests/test_confidence_calibrator.py::TestConfidenceCalibrator::test_uses_weighted_average_below_min_samples PASSED [ 49%]
tests/test_confidence_calibrator.py::TestConfidenceCalibrator::test_uses_isotonic_regression_at_min_samples PASSED [ 49%]
tests/test_confidence_calibrator.py::TestConfidenceCalibrator::test_partial_feedback_treated_as_half_credit PASSED [ 49%]
tests/test_confidence_calibrator.py::TestConfidenceCalibrator::test_calibration_summary_empty PASSED [ 50%]
tests/test_confidence_calibrator.py::TestConfidenceCalibrator::test_calibration_summary_with_feedback PASSED [ 50%]
tests/test_deep_research_stream.py::test_deep_research_streams_chunks PASSED [ 50%]
tests/test_deep_research_stream.py::test_deep_research_uses_text_key_not_document PASSED [ 50%]
tests/test_document_format_analyzer.py::test_analyze_empty_pdf PASSED    [ 51%]
tests/test_document_format_analyzer.py::test_analyze_financial_pdf PASSED [ 51%]
tests/test_document_format_analyzer.py::test_account_grouping_extraction PASSED [ 51%]
tests/test_document_format_analyzer.py::test_terminology_detection PASSED [ 51%]
tests/test_document_format_analyzer.py::test_formatting_rules PASSED     [ 51%]
tests/test_document_format_analyzer.py::test_nonexistent_file PASSED     [ 52%]
tests/test_document_format_analyzer.py::test_multipage_page_break_detection PASSED [ 52%]
tests/test_document_format_analyzer.py::test_result_schema_completeness PASSED [ 52%]
tests/test_document_summarizer.py::test_summarize_parses_valid_json PASSED [ 52%]
tests/test_document_summarizer.py::test_summarize_handles_markdown_fenced_json PASSED [ 53%]
tests/test_document_summarizer.py::test_summarize_fallback_on_bad_json PASSED [ 53%]
tests/test_document_summary_columns.py::test_document_has_new_columns PASSED [ 53%]
tests/test_documents.py::test_upload_txt_document PASSED                 [ 53%]
tests/test_documents.py::test_list_documents_after_upload PASSED         [ 54%]
tests/test_documents.py::test_delete_document PASSED                     [ 54%]
tests/test_documents.py::test_vector_store_uses_temp_dir_not_real_store PASSED [ 54%]
tests/test_domain_classifier.py::test_domain_label_values PASSED         [ 54%]
tests/test_domain_classifier.py::test_classifier_result_shape PASSED     [ 55%]
tests/test_domain_classifier.py::test_classify_vat_query PASSED          [ 55%]
tests/test_domain_classifier.py::test_classify_fallback_on_bad_json PASSED [ 55%]
tests/test_export.py::test_to_word_returns_bytes PASSED                  [ 55%]
tests/test_export.py::test_to_word_contains_heading PASSED               [ 55%]
tests/test_export.py::test_to_excel_returns_bytes_when_table_present PASSED [ 56%]
tests/test_export.py::test_to_excel_returns_empty_bytes_when_no_table PASSED [ 56%]
tests/test_export.py::test_to_pdf_returns_bytes PASSED                   [ 56%]
tests/test_fast_learn_api.py::test_fast_learn_returns_new_response_schema PASSED [ 56%]
tests/test_fast_learn_api.py::test_fast_learn_verified_status_returns_null_hints PASSED [ 57%]
tests/test_fast_learn_api.py::test_fast_learn_needs_review_returns_hints PASSED [ 57%]
tests/test_fast_learn_api.py::test_fast_learn_prebuilt_match_skips_analyze PASSED [ 57%]
tests/test_fast_mode_streaming.py::test_streaming_yields_meta_before_chunks PASSED [ 57%]
tests/test_fast_mode_streaming.py::test_streaming_meta_contains_correct_domain PASSED [ 58%]
tests/test_fast_mode_streaming.py::test_streaming_meta_arrives_before_heavy_ops PASSED [ 58%]
tests/test_fingerprinter_gcc.py::test_fingerprint_returns_required_keys PASSED [ 58%]
tests/test_fingerprinter_gcc.py::test_fingerprint_detects_a4 PASSED      [ 58%]
tests/test_fingerprinter_gcc.py::test_fingerprint_detects_aed PASSED     [ 59%]
tests/test_fingerprinter_gcc.py::test_fingerprint_detects_sections PASSED [ 59%]
tests/test_fingerprinter_gcc.py::test_fingerprint_detects_has_notes PASSED [ 59%]
tests/test_fingerprinter_gcc.py::test_fingerprint_detects_col_count PASSED [ 59%]
tests/test_fingerprinter_gcc.py::test_score_exact_match PASSED           [ 59%]
tests/test_fingerprinter_gcc.py::test_score_no_match PASSED              [ 60%]
tests/test_fingerprinter_gcc.py::test_fingerprint_missing_pdf PASSED     [ 60%]
tests/test_fingerprinter_gcc.py::test_fingerprint_real_pdf_gcc PASSED    [ 60%]
tests/test_fingerprinter_unknown.py::test_unknown_format_returns_none_config PASSED [ 60%]
tests/test_fingerprinter_unknown.py::test_known_format_returns_config PASSED [ 61%]
tests/test_fingerprinter_unknown.py::test_match_with_no_library_entries PASSED [ 61%]
tests/test_format_applier_template.py::test_template_config_to_format_font_mapping PASSED [ 61%]
tests/test_format_applier_template.py::test_template_config_to_format_margins PASSED [ 61%]
tests/test_format_applier_template.py::test_template_config_to_format_page_letter PASSED [ 62%]
tests/test_format_applier_template.py::test_template_config_to_format_a4 PASSED [ 62%]
tests/test_format_applier_template.py::test_template_config_to_format_empty PASSED [ 62%]
tests/test_format_applier_template.py::test_apply_format_accepts_template_config PASSED [ 62%]
tests/test_format_applier_template.py::test_apply_format_template_config_merging PASSED [ 62%]
tests/test_graph_rag.py::test_store_and_retrieve_entities PASSED         [ 63%]
tests/test_graph_rag.py::test_related_chunks PASSED                      [ 63%]
tests/test_graph_rag.py::test_no_entities_returns_empty PASSED           [ 63%]
tests/test_graph_rag.py::test_extract_and_store PASSED                   [ 63%]
tests/test_health.py::test_root_ok PASSED                                [ 64%]
tests/test_health.py::test_health_ok PASSED                              [ 64%]
tests/test_health.py::test_documents_list_empty PASSED                   [ 64%]
tests/test_health.py::test_documents_stats PASSED                        [ 64%]
tests/test_health.py::test_chat_conversations_empty PASSED               [ 65%]
tests/test_health.py::test_settings_current PASSED                       [ 65%]
tests/test_legacy_domain_compat.py::test_legacy_domain_does_not_crash[law] PASSED [ 65%]
tests/test_legacy_domain_compat.py::test_legacy_domain_does_not_crash[finance] PASSED [ 65%]
tests/test_legacy_domain_compat.py::test_legacy_domain_does_not_crash[audit] PASSED [ 66%]
tests/test_legacy_domain_compat.py::test_legacy_domain_does_not_crash[aml] PASSED [ 66%]
tests/test_legacy_domain_compat.py::test_legacy_domain_does_not_crash[general] PASSED [ 66%]
tests/test_legacy_domain_compat.py::test_legacy_domain_does_not_crash[legal] PASSED [ 66%]
tests/test_legacy_domain_compat.py::test_legacy_domain_triggers_classifier[law] PASSED [ 66%]
tests/test_legacy_domain_compat.py::test_legacy_domain_triggers_classifier[finance] PASSED [ 67%]
tests/test_legacy_domain_compat.py::test_legacy_domain_triggers_classifier[audit] PASSED [ 67%]
tests/test_legacy_domain_compat.py::test_legacy_domain_triggers_classifier[aml] PASSED [ 67%]
tests/test_legacy_domain_compat.py::test_legacy_domain_triggers_classifier[general] PASSED [ 67%]
tests/test_legacy_domain_compat.py::test_legacy_domain_triggers_classifier[legal] PASSED [ 68%]
tests/test_manual_path_unchanged.py::test_upload_without_fast_learn_returns_job_id PASSED [ 68%]
tests/test_manual_path_unchanged.py::test_upload_fast_learn_false_returns_job_id PASSED [ 68%]
tests/test_manual_path_unchanged.py::test_manual_path_job_trackable PASSED [ 68%]
tests/test_manual_path_unchanged.py::test_non_pdf_still_returns_400 PASSED [ 69%]
tests/test_migrations.py::test_content_hash_column_exists PASSED         [ 69%]
tests/test_migrations.py::test_entities_tables_exist PASSED              [ 69%]
tests/test_multi_query_rag.py::test_get_query_variations_returns_list_with_original PASSED [ 69%]
tests/test_multi_query_rag.py::test_get_query_variations_falls_back_on_error PASSED [ 70%]
tests/test_multi_query_rag.py::test_fast_mode_calls_rag_multiple_times PASSED [ 70%]
tests/test_prior_year_extractor.py::test_has_financial_data_detects_numbers PASSED [ 70%]
tests/test_prior_year_extractor.py::test_has_financial_data_returns_false_for_empty PASSED [ 70%]
tests/test_prior_year_extractor.py::test_parse_text_tables_extracts_rows PASSED [ 70%]
tests/test_prior_year_extractor.py::test_build_prior_year_context_formats_correctly PASSED [ 71%]
tests/test_prior_year_extractor.py::test_extract_returns_template_key PASSED [ 71%]
tests/test_prior_year_extractor.py::test_fitz_vision_extraction_returns_rows SKIPPED [ 71%]
tests/test_prompt_router.py::test_route_vat_returns_vat_prompt PASSED    [ 71%]
tests/test_prompt_router.py::test_route_general_law_returns_general_law_prompt PASSED [ 72%]
tests/test_prompt_router.py::test_route_all_labels_have_prompts PASSED   [ 72%]
tests/test_prompt_router.py::test_router_requires_enum_not_string PASSED [ 72%]
tests/test_prompt_router.py::test_vat_prompt_contains_commercial_property_guidance PASSED [ 72%]
tests/test_prompt_router.py::test_vat_few_shot_example_covers_hotel_apartment PASSED [ 73%]
tests/test_report_intel.py::test_all_report_types_present PASSED         [ 73%]
tests/test_report_intel.py::test_each_type_has_required_keys PASSED      [ 73%]
tests/test_report_intel.py::test_key_points_are_lists_with_min_3 PASSED  [ 73%]
tests/test_research_endpoints.py::test_start_research PASSED             [ 74%]
tests/test_research_endpoints.py::test_get_research_not_found PASSED     [ 74%]
tests/test_research_job_model.py::test_create_research_job PASSED        [ 74%]
tests/test_research_orchestrator.py::test_event_bus_create_and_emit PASSED [ 74%]
tests/test_research_orchestrator.py::test_plan_parses_sub_questions PASSED [ 74%]
tests/test_research_orchestrator.py::test_plan_fallback_on_bad_json PASSED [ 75%]
tests/test_research_orchestrator.py::test_gather_one_combines_rag_and_web PASSED [ 75%]
tests/test_research_orchestrator.py::test_gather_one_multiple_queries PASSED [ 75%]
tests/test_save_research_to_sources.py::test_save_as_document PASSED     [ 75%]
tests/test_selected_doc_ids.py::test_selected_doc_ids_scopes_rag_filter PASSED [ 76%]
tests/test_selected_doc_ids.py::test_no_selected_doc_ids_uses_domain_filter PASSED [ 76%]
tests/test_session_endpoint.py::test_create_session_default PASSED       [ 76%]
tests/test_session_endpoint.py::test_create_session_with_context PASSED  [ 76%]
tests/test_session_summary.py::test_summary_columns_exist PASSED         [ 77%]
tests/test_session_summary.py::test_summary_written_after_many_messages PASSED [ 77%]
tests/test_source_content.py::test_source_content_not_found PASSED       [ 77%]
tests/test_source_content.py::test_source_content_returns_text_after_upload PASSED [ 77%]
tests/test_source_content.py::test_source_content_response_shape PASSED  [ 77%]
tests/test_source_content.py::test_is_research_query_detects_keywords PASSED [ 78%]
tests/test_structure_analyzer.py::test_detect_headings PASSED            [ 78%]
tests/test_structure_analyzer.py::test_detect_variables PASSED           [ 78%]
tests/test_structure_analyzer.py::test_detect_tables PASSED              [ 78%]
tests/test_structure_analyzer.py::test_line_and_word_count PASSED        [ 79%]
tests/test_structure_analyzer.py::test_no_duplicate_variables PASSED     [ 79%]
tests/test_template_analyzer.py::test_extract_page_dimensions_fallback PASSED [ 79%]
tests/test_template_analyzer.py::test_extract_page_dimensions_from_real_pdf PASSED [ 79%]
tests/test_template_analyzer.py::test_config_has_required_keys PASSED    [ 80%]
tests/test_template_analyzer.py::test_fonts_structure PASSED             [ 80%]
tests/test_template_analyzer.py::test_analyze_reference_pdf_returns_confident_result PASSED [ 80%]
tests/test_template_fine_tune.py::test_update_nonexistent_template PASSED [ 80%]
tests/test_template_fine_tune.py::test_update_template_config PASSED     [ 81%]
tests/test_template_fine_tune.py::test_update_template_name_change PASSED [ 81%]
tests/test_template_fine_tune.py::test_update_template_config_persisted PASSED [ 81%]
tests/test_template_fine_tune.py::test_update_template_wrong_user PASSED [ 81%]
tests/test_template_fine_tune.py::test_update_template_missing_config_field PASSED [ 81%]
tests/test_template_fine_tune.py::test_update_config_store_method PASSED [ 82%]
tests/test_template_fine_tune.py::test_update_config_without_verification_report PASSED [ 82%]
tests/test_template_learner_cli.py::TestArgumentParsing::test_required_args PASSED [ 82%]
tests/test_template_learner_cli.py::TestArgumentParsing::test_defaults PASSED [ 82%]
tests/test_template_learner_cli.py::TestArgumentParsing::test_all_flags PASSED [ 83%]
tests/test_template_learner_cli.py::TestArgumentParsing::test_missing_required_raises PASSED [ 83%]
tests/test_template_learner_cli.py::TestCoreWorkflow::test_extract_and_verify PASSED [ 83%]
tests/test_template_learner_cli.py::TestCoreWorkflow::test_skip_verify PASSED [ 83%]
tests/test_template_learner_cli.py::TestCoreWorkflow::test_json_output PASSED [ 84%]
tests/test_template_learner_cli.py::TestErrors::test_missing_pdf_exits PASSED [ 84%]
tests/test_template_learner_cli.py::TestErrors::test_analyzer_error_shown PASSED [ 84%]
tests/test_template_learner_cli.py::TestPublishImpliesSave::test_publish_triggers_save PASSED [ 84%]
tests/test_template_preview_endpoints.py::test_preview_template_get PASSED [ 85%]
tests/test_template_preview_endpoints.py::test_preview_template_not_found PASSED [ 85%]
tests/test_template_preview_endpoints.py::test_preview_template_no_body PASSED [ 85%]
tests/test_template_preview_endpoints.py::test_preview_template_post_custom_data PASSED [ 85%]
tests/test_template_preview_endpoints.py::test_preview_post_not_found PASSED [ 85%]
tests/test_template_renderer.py::test_load_sample_data PASSED            [ 86%]
tests/test_template_renderer.py::test_flatten PASSED                     [ 86%]
tests/test_template_renderer.py::test_render_simple_template PASSED      [ 86%]
tests/test_template_renderer.py::test_render_with_custom_data PASSED     [ 86%]
tests/test_template_renderer.py::test_render_missing_var_safe PASSED     [ 87%]
tests/test_template_report_generator.py::TestGenerateBasicReport::test_returns_bytes PASSED [ 87%]
tests/test_template_report_generator.py::TestGenerateBasicReport::test_contains_company_name PASSED [ 87%]
tests/test_template_report_generator.py::TestGenerateBasicReport::test_contains_period_end PASSED [ 87%]
tests/test_template_report_generator.py::TestGenerateBasicReport::test_has_tables PASSED [ 88%]
tests/test_template_report_generator.py::TestSectionsFollowTemplateOrder::test_section_order_matches_template PASSED [ 88%]
tests/test_template_report_generator.py::TestNegativeNumberFormatting::test_parenthetical_negatives PASSED [ 88%]
tests/test_template_report_generator.py::TestNegativeNumberFormatting::test_dash_negatives PASSED [ 88%]
tests/test_template_report_generator.py::TestPriorYearColumn::test_prior_year_from_row_data PASSED [ 88%]
tests/test_template_report_generator.py::TestPriorYearColumn::test_prior_year_from_lookup PASSED [ 89%]
tests/test_template_report_generator.py::TestEmptyTemplateFallback::test_none_template PASSED [ 89%]
tests/test_template_report_generator.py::TestEmptyTemplateFallback::test_empty_dict_template PASSED [ 89%]
tests/test_template_report_generator.py::TestEmptyTemplateFallback::test_fallback_has_default_sections PASSED [ 89%]
tests/test_template_report_generator.py::TestPageBreaks::test_page_break_after_specified_section PASSED [ 90%]
tests/test_template_report_generator.py::TestPageBreaks::test_no_extra_breaks_without_config PASSED [ 90%]
tests/test_template_report_generator.py::test_formatting_rules_applied_to_docx PASSED [ 90%]
tests/test_template_store.py::test_save_and_load PASSED                  [ 90%]
tests/test_template_store.py::test_list_user_templates PASSED            [ 91%]
tests/test_template_store.py::test_publish_global PASSED                 [ 91%]
tests/test_template_store.py::test_delete PASSED                         [ 91%]
tests/test_template_verifier.py::test_verify_page_dimensions_match PASSED [ 91%]
tests/test_template_verifier.py::test_verify_page_dimensions_mismatch PASSED [ 92%]
tests/test_template_verifier.py::test_verify_margins_match PASSED        [ 92%]
tests/test_template_verifier.py::test_verify_margins_mismatch PASSED     [ 92%]
tests/test_template_verifier.py::test_verify_fonts_ok PASSED             [ 92%]
tests/test_template_verifier.py::test_verify_fonts_missing PASSED        [ 92%]
tests/test_template_verifier.py::test_verification_report_structure PASSED [ 93%]
tests/test_template_verifier.py::test_report_confidence_range PASSED     [ 93%]
tests/test_templates_api.py::test_upload_reference_invalid_file PASSED   [ 93%]
tests/test_templates_api.py::test_upload_reference_pdf PASSED            [ 93%]
tests/test_templates_api.py::test_get_status_not_found PASSED            [ 94%]
tests/test_templates_api.py::test_get_status_after_upload PASSED         [ 94%]
tests/test_templates_api.py::test_list_templates_empty PASSED            [ 94%]
tests/test_templates_api.py::test_list_global_templates PASSED           [ 94%]
tests/test_templates_api.py::test_get_template_not_found PASSED          [ 95%]
tests/test_templates_api.py::test_delete_template_not_found PASSED       [ 95%]
tests/test_templates_api.py::test_feedback_correct_increases_confidence PASSED [ 95%]
tests/test_templates_api.py::test_feedback_invalid_type_returns_400 PASSED [ 95%]
tests/test_templates_api.py::test_feedback_nonexistent_template_returns_404 PASSED [ 96%]
tests/test_templates_api.py::test_confidence_history_empty_feedback PASSED [ 96%]
tests/test_templates_api.py::test_retrain_single_template_no_feedback PASSED [ 96%]
tests/test_templates_api.py::test_retrain_single_template_with_feedback PASSED [ 96%]
tests/test_templates_api.py::test_retrain_all_endpoint PASSED            [ 96%]
tests/test_templates_api.py::test_confidence_history_not_found PASSED    [ 97%]
tests/test_templates_api.py::test_retrain_single_not_found PASSED        [ 97%]
tests/test_templates_api.py::test_list_prebuilt_formats_all PASSED       [ 97%]
tests/test_templates_api.py::test_list_prebuilt_formats_ifrs_filter PASSED [ 97%]
tests/test_templates_api.py::test_list_prebuilt_formats_local_tax_filter PASSED [ 98%]
tests/test_templates_api.py::test_apply_new_prebuilt_uk_frs102 PASSED    [ 98%]
tests/test_templates_api.py::test_apply_new_prebuilt_saudi_zatca PASSED  [ 98%]
tests/test_templates_api.py::test_apply_new_prebuilt_gcc PASSED          [ 98%]
tests/test_token_budget.py::test_default_max_tokens_is_4096 PASSED       [ 99%]
tests/test_token_budget.py::test_default_top_k_results_is_8 PASSED       [ 99%]
tests/test_token_budget.py::test_fast_max_tokens_is_8192 PASSED          [ 99%]
tests/test_token_budget.py::test_fast_top_k_is_15 PASSED                 [ 99%]
tests/test_token_budget.py::test_sliding_context_default_is_12000 PASSED [100%]

================================== FAILURES ===================================
E   AssertionError: assert 'USER INTENT' in ''
---------------------------- Captured stdout call -----------------------------
03:55:02 | INFO     | httpx | HTTP Request: POST http://test/api/chat/send "HTTP/1.1 200 OK"
------------------------------ Captured log call ------------------------------
INFO     httpx:_client.py:1740 HTTP Request: POST http://test/api/chat/send "HTTP/1.1 200 OK"
C:\Users\Armaan\OneDrive - The Era Corporations\Study\Armaan\AI Class\Data Science Class\35. 11-Apr-2026\Project_AccountingLegalChatbot\backend\tests\api\test_chat_intent_routing.py:47: AssertionError: assert 'USER INTENT' in ''
============================== warnings summary ===============================
..\..\..\..\..\..\..\..\AppData\Local\Programs\Python\Python314\Lib\site-packages\chromadb\telemetry\opentelemetry\__init__.py:128
  C:\Users\Armaan\AppData\Local\Programs\Python\Python314\Lib\site-packages\chromadb\telemetry\opentelemetry\__init__.py:128: DeprecationWarning: 'asyncio.iscoroutinefunction' is deprecated and slated for removal in Python 3.16; use inspect.iscoroutinefunction() instead
    if asyncio.iscoroutinefunction(f):

-- Docs: https://docs.pytest.org/en/stable/how-to/capture-warnings.html
=========================== short test summary info ===========================
FAILED tests/api/test_chat_intent_routing.py::test_intent_directive_is_appended
===== 1 failed, 425 passed, 1 skipped, 1 deselected, 1 warning in 22.80s ======
